[1]r15      4294967295
r14      139637317592856
r13      140732287124096
r12      139637317592832
rbp      2
rbx      0
r11      0
r10      0
r9       0
r8       0
rax      0
rcx      0
rdx      0
rsi      0
rdi      0
orig_rax 0
rip      0
cs       0
eflags   0
rsp      0
ss       1
fs_base  4197325
gs_base  0
ds       0
es       4197248
fs       4195840
gs       140732285620896
[2]r15      4294967295
r14      139637317592856
r13      140732287124096
r12      139637317592832
rbp      2
rbx      0
r11      0
r10      0
r9       0
r8       0
rax      0
rcx      0
rdx      0
rsi      0
rdi      0
orig_rax 0
rip      0
cs       0
eflags   0
rsp      0
ss       1
fs_base  4197325
gs_base  0
ds       0
es       4197248
fs       4195840
gs       140732285620896
[3]r15      4294967295
r14      139637317592856
r13      140732287124096
r12      139637317592832
rbp      2
rbx      0
r11      0
r10      0
r9       0
r8       0
rax      0
rcx      0
rdx      0
rsi      0
rdi      0
orig_rax 0
rip      0
cs       0
eflags   0
rsp      0
ss       1
fs_base  4197325
gs_base  0
ds       0
es       4197248
fs       4195840
gs       140732285620896
[4]r15      4294967295
r14      139637317592856
r13      140732287124096
r12      139637317592832
rbp      2
rbx      0
r11      0
r10      0
r9       0
r8       0
rax      0
rcx      0
rdx      0
rsi      0
rdi      0
orig_rax 0
rip      0
cs       0
eflags   0
rsp      0
ss       1
fs_base  4197325
gs_base  0
ds       0
es       4197248
fs       4195840
gs       140732285620896
[5]r15      4294967295
r14      139637317592856
r13      140732287124096
r12      139637317592832
rbp      2
rbx      0
r11      0
r10      0
r9       0
r8       0
rax      0
rcx      0
rdx      0
rsi      0
rdi      0
orig_rax 0
rip      0
cs       0
eflags   0
rsp      0
ss       1
fs_base  4197325
gs_base  0
ds       0
es       4197248
fs       4195840
gs       140732285620896
[6]r15      4294967295
r14      139637317592856
r13      140732287124096
r12      139637317592832
rbp      2
rbx      0
r11      0
r10      0
r9       0
r8       0
rax      0
rcx      0
rdx      0
rsi      0
rdi      0
orig_rax 0
rip      0
cs       0
eflags   0
rsp      0
ss       1
fs_base  4197325
gs_base  0
ds       0
es       4197248
fs       4195840
gs       140732285620896
[7]r15      4294967295
r14      139637317592856
r13      140732287124096
r12      139637317592832
rbp      2
rbx      0
r11      0
r10      0
r9       0
r8       0
rax      0
rcx      0
rdx      0
rsi      0
rdi      0
orig_rax 0
rip      0
cs       0
eflags   0
rsp      0
ss       1
fs_base  4197325
gs_base  0
ds       0
es       4197248
fs       4195840
gs       140732285620896
[8]r15      4294967295
r14      139637317592856
r13      140732287124096
r12      139637317592832
rbp      2
rbx      0
r11      0
r10      0
r9       0
r8       0
rax      0
rcx      0
rdx      0
rsi      0
rdi      0
orig_rax 0
rip      0
cs       0
eflags   0
rsp      0
ss       1
fs_base  4197325
gs_base  0
ds       0
es       4197248
fs       4195840
gs       140732285620896
[9]r15      4294967295
r14      139637317592856
r13      140732287124096
r12      139637317592832
rbp      2
rbx      0
r11      0
r10      0
r9       0
r8       0
rax      0
rcx      0
rdx      0
rsi      0
rdi      0
orig_rax 0
rip      0
cs       0
eflags   0
rsp      0
ss       1
fs_base  4197325
gs_base  0
ds       0
es       4197248
fs       4195840
gs       140732285620896
[10]r15      4294967295
r14      139637317592856
r13      140732287124096
r12      139637317592832
rbp      2
rbx      0
r11      0
r10      0
r9       0
r8       0
rax      0
rcx      0
rdx      0
rsi      0
rdi      0
orig_rax 0
rip      0
cs       0
eflags   0
rsp      0
ss       1
fs_base  4197325
gs_base  0
ds       0
es       4197248
fs       4195840
gs       140732285620896
[11]r15      4294967295
r14      139637317592856
r13      140732287124096
r12      139637317592832
rbp      2
rbx      0
r11      0
r10      0
r9       0
r8       0
rax      0
rcx      0
rdx      0
rsi      0
rdi      0
orig_rax 0
rip      0
cs       0
eflags   0
rsp      0
ss       1
fs_base  4197325
gs_base  0
ds       0
es       4197248
fs       4195840
gs       140732285620896
[12]r15      4294967295
r14      139637317592856
r13      140732287124096
r12      139637317592832
rbp      2
rbx      0
r11      0
r10      0
r9       0
r8       0
rax      0
rcx      0
rdx      0
rsi      0
rdi      0
orig_rax 0
rip      0
cs       0
eflags   0
rsp      0
ss       1
fs_base  4197325
gs_base  0
ds       0
es       4197248
fs       4195840
gs       140732285620896
[13]r15      4294967295
r14      139637317592856
r13      140732287124096
r12      139637317592832
rbp      2
rbx      0
r11      0
r10      0
r9       0
r8       0
rax      0
rcx      0
rdx      0
rsi      0
rdi      0
orig_rax 0
rip      0
cs       0
eflags   0
rsp      0
ss       1
fs_base  4197325
gs_base  0
ds       0
es       4197248
fs       4195840
gs       140732285620896
[14]r15      4294967295
r14      139637317592856
r13      140732287124096
r12      139637317592832
rbp      2
rbx      0
r11      0
r10      0
r9       0
r8       0
rax      0
rcx      0
rdx      0
rsi      0
rdi      0
orig_rax 0
rip      0
cs       0
eflags   0
rsp      0
ss       1
fs_base  4197325
gs_base  0
ds       0
es       4197248
fs       4195840
gs       140732285620896
[15]r15      4294967295
r14      139637317592856
r13      140732287124096
r12      139637317592832
rbp      2
rbx      0
r11      0
r10      0
r9       0
r8       0
rax      0
rcx      0
rdx      0
rsi      0
rdi      0
orig_rax 0
rip      0
cs       0
eflags   0
rsp      0
ss       1
fs_base  4197325
gs_base  0
ds       0
es       4197248
fs       4195840
gs       140732285620896
[16]r15      4294967295
r14      139637317592856
r13      140732287124096
r12      139637317592832
rbp      2
rbx      0
r11      0
r10      0
r9       0
r8       0
rax      0
rcx      0
rdx      0
rsi      0
rdi      0
orig_rax 0
rip      0
cs       0
eflags   0
rsp      0
ss       1
fs_base  4197325
gs_base  0
ds       0
es       4197248
fs       4195840
gs       140732285620896
[17]r15      4294967295
r14      139637317592856
r13      140732287124096
r12      139637317592832
rbp      2
rbx      0
r11      0
r10      0
r9       0
r8       0
rax      0
rcx      0
rdx      0
rsi      0
rdi      0
orig_rax 0
rip      0
cs       0
eflags   0
rsp      0
ss       1
fs_base  4197325
gs_base  0
ds       0
es       4197248
fs       4195840
gs       140732285620896
[18]r15      4294967295
r14      139637317592856
r13      140732287124096
r12      139637317592832
rbp      2
rbx      0
r11      0
r10      0
r9       0
r8       0
rax      0
rcx      0
rdx      0
rsi      0
rdi      0
orig_rax 0
rip      0
cs       0
eflags   0
rsp      0
ss       1
fs_base  4197325
gs_base  0
ds       0
es       4197248
fs       4195840
gs       140732285620896
[19]r15      4294967295
r14      139637317592856
r13      140732287124096
r12      139637317592832
rbp      2
rbx      0
r11      0
r10      0
r9       0
r8       0
rax      0
rcx      0
rdx      0
rsi      0
rdi      0
orig_rax 0
rip      0
cs       0
eflags   0
rsp      0
ss       1
fs_base  4197325
gs_base  0
ds       0
es       4197248
fs       4195840
gs       140732285620896
[20]r15      4294967295
r14      139637317592856
r13      140732287124096
r12      139637317592832
rbp      2
rbx      0
r11      0
r10      0
r9       0
r8       0
rax      0
rcx      0
rdx      0
rsi      0
rdi      0
orig_rax 0
rip      0
cs       0
eflags   0
rsp      0
ss       1
fs_base  4197325
gs_base  0
ds       0
es       4197248
fs       4195840
gs       140732285620896
[21]r15      4294967295
r14      139637317592856
r13      140732287124096
r12      139637317592832
rbp      2
rbx      0
r11      0
r10      0
r9       0
r8       0
rax      0
rcx      0
rdx      0
rsi      0
rdi      0
orig_rax 0
rip      0
cs       0
eflags   0
rsp      0
ss       1
fs_base  4197325
gs_base  0
ds       0
es       4197248
fs       4195840
gs       140732285620896
[22]r15      4294967295
r14      139637317592856
r13      140732287124096
r12      139637317592832
rbp      2
rbx      0
r11      0
r10      0
r9       0
r8       0
rax      0
rcx      0
rdx      0
rsi      0
rdi      0
orig_rax 0
rip      0
cs       0
eflags   0
rsp      0
ss       1
fs_base  4197325
gs_base  0
ds       0
es       4197248
fs       4195840
gs       140732285620896
[23]r15      4294967295
r14      139637317592856
r13      140732287124096
r12      139637317592832
rbp      2
rbx      0
r11      0
r10      0
r9       0
r8       0
rax      0
rcx      0
rdx      0
rsi      0
rdi      0
orig_rax 0
rip      0
cs       0
eflags   0
rsp      0
ss       1
fs_base  4197325
gs_base  0
ds       0
es       4197248
fs       4195840
gs       140732285620896
[24]r15      4294967295
r14      139637317592856
r13      140732287124096
r12      139637317592832
rbp      2
rbx      0
r11      0
r10      0
r9       0
r8       0
rax      0
rcx      0
rdx      0
rsi      0
rdi      0
orig_rax 0
rip      0
cs       0
eflags   0
rsp      0
ss       1
fs_base  4197325
gs_base  0
ds       0
es       4197248
fs       4195840
gs       140732285620896
[25]r15      4294967295
r14      139637317592856
r13      140732287124096
r12      139637317592832
rbp      2
rbx      0
r11      0
r10      0
r9       0
r8       0
rax      0
rcx      0
rdx      0
rsi      0
rdi      0
orig_rax 0
rip      0
cs       0
eflags   0
rsp      0
ss       1
fs_base  4197325
gs_base  0
ds       0
es       4197248
fs       4195840
gs       140732285620896
[26]r15      4294967295
r14      139637317592856
r13      140732287124096
r12      139637317592832
rbp      2
rbx      0
r11      0
r10      0
r9       0
r8       0
rax      0
rcx      0
rdx      0
rsi      0
rdi      0
orig_rax 0
rip      0
cs       0
eflags   0
rsp      0
ss       1
fs_base  4197325
gs_base  0
ds       0
es       4197248
fs       4195840
gs       140732285620896
[27]r15      4294967295
r14      139637317592856
r13      140732287124096
r12      139637317592832
rbp      2
rbx      0
r11      0
r10      0
r9       0
r8       0
rax      0
rcx      0
rdx      0
rsi      0
rdi      0
orig_rax 0
rip      0
cs       0
eflags   0
rsp      0
ss       1
fs_base  4197325
gs_base  0
ds       0
es       4197248
fs       4195840
gs       140732285620896
[28]r15      4294967295
r14      139637317592856
r13      140732287124096
r12      139637317592832
rbp      2
rbx      0
r11      0
r10      0
r9       0
r8       0
rax      0
rcx      0
rdx      0
rsi      0
rdi      0
orig_rax 0
rip      0
cs       0
eflags   0
rsp      0
ss       1
fs_base  4197325
gs_base  0
ds       0
es       4197248
fs       4195840
gs       140732285620896
[29]r15      4294967295
r14      139637317592856
r13      140732287124096
r12      139637317592832
rbp      2
rbx      0
r11      0
r10      0
r9       0
r8       0
rax      0
rcx      0
rdx      0
rsi      0
rdi      0
orig_rax 0
rip      0
cs       0
eflags   0
rsp      0
ss       1
fs_base  4197325
gs_base  0
ds       0
es       4197248
fs       4195840
gs       140732285620896
[30]r15      4294967295
r14      139637317592856
r13      140732287124096
r12      139637317592832
rbp      2
rbx      0
r11      0
r10      0
r9       0
r8       0
rax      0
rcx      0
rdx      0
rsi      0
rdi      0
orig_rax 0
rip      0
cs       0
eflags   0
rsp      0
ss       1
fs_base  4197325
gs_base  0
ds       0
es       4197248
fs       4195840
gs       140732285620896
[31]r15      4294967295
r14      139637317592856
r13      140732287124096
r12      139637317592832
rbp      2
rbx      0
r11      0
r10      0
r9       0
r8       0
rax      0
rcx      0
rdx      0
rsi      0
rdi      0
orig_rax 0
rip      0
cs       0
eflags   0
rsp      0
ss       1
fs_base  4197325
gs_base  0
ds       0
es       4197248
fs       4195840
gs       140732285620896
[32]r15      4294967295
r14      139637317592856
r13      140732287124096
r12      139637317592832
rbp      2
rbx      0
r11      0
r10      0
r9       0
r8       0
rax      0
rcx      0
rdx      0
rsi      0
rdi      0
orig_rax 0
rip      0
cs       0
eflags   0
rsp      0
ss       1
fs_base  4197325
gs_base  0
ds       0
es       4197248
fs       4195840
gs       140732285620896
[33]r15  Mon Apr 26 00:51:31 KST 2021
    4294967295
r14      139637317592856
r13      140732287124096
r12      139637317592832
rbp      2
rbx      0
r11      0
r10      0
r9       0
r8       0
rax      0
rcx      0
rdx      0
rsi      0
rdi      0
orig_rax 0
rip      0
cs       0
eflags   0
rsp      0
ss       1
fs_base  4197325
gs_base  0
ds       0
es       4197248
fs       4195840
gs       140732285620896
[34]r15      4294967295
r14      139637317592856
r13      140732287124096
r12      139637317592832
rbp      2
rbx      0
r11      0
r10      0
r9       0
r8       0
rax      0
rcx      0
rdx      0
rsi      0
rdi      0
orig_rax 0
rip      0
cs       0
eflags   0
rsp      0
ss       1
fs_base  4197325
gs_base  0
ds       0
es       4197248
fs       4195840
gs       140732285620896
[35]r15      4294967295
r14      139637317592856
r13      140732287124096
r12      139637317592832
rbp      2
rbx      0
r11      0
r10      0
r9       0
r8       0
rax      0
rcx      0
rdx      0
rsi      0
rdi      0
orig_rax 0
rip      0
cs       0
eflags   0
rsp      0
ss       1
fs_base  4197325
gs_base  0
ds       0
es       4197248
fs       4195840
gs       140732285620896
[36]r15      4294967295
r14      139637317592856
r13      140732287124096
r12      139637317592832
rbp      2
rbx      0
r11      0
r10      0
r9       0
r8       0
rax      0
rcx      0
rdx      0
rsi      0
rdi      0
orig_rax 0
rip      0
cs       0
eflags   0
rsp      0
ss       1
fs_base  4197325
gs_base  0
ds       0
es       4197248
fs       4195840
gs       140732285620896
[37]r15      4294967295
r14      139637317592856
r13      140732287124096
r12      139637317592832
rbp      2
rbx      0
r11      0
r10      0
r9       0
r8       0
rax      0
rcx      0
rdx      0
rsi      0
rdi      0
orig_rax 0
rip      0
cs       0
eflags   0
rsp      0
ss       1
fs_base  4197325
gs_base  0
ds       0
es       4197248
fs       4195840
gs       140732285620896
[38]r15      4294967295
r14      139637317592856
r13      140732287124096
r12      139637317592832
rbp      2
rbx      0
r11      0
r10      0
r9       0
r8       0
rax      0
rcx      0
rdx      0
rsi      0
rdi      0
orig_rax 0
rip      0
cs       0
eflags   0
rsp      0
ss       1
fs_base  4197325
gs_base  0
ds       0
es       4197248
fs       4195840
gs       140732285620896
[39]r15      4294967295
r14      139637317592856
r13      140732287124096
r12      139637317592832
rbp      2
rbx      0
r11      0
r10      0
r9       0
r8       0
rax      0
rcx      0
rdx      0
rsi      0
rdi      0
orig_rax 0
rip      0
cs       0
eflags   0
rsp      0
ss       1
fs_base  4197325
gs_base  0
ds       0
es       4197248
fs       4195840
gs       140732285620896
[40]r15      4294967295
r14      139637317592856
r13      140732287124096
r12      139637317592832
rbp      2
rbx      0
r11      0
r10      0
r9       0
r8       0
rax      0
rcx      0
rdx      0
rsi      0
rdi      0
orig_rax 0
rip      0
cs       0
eflags   0
rsp      0
ss       1
fs_base  4197325
gs_base  0
ds       0
es       4197248
fs       4195840
gs       140732285620896
[41]r15      4294967295
r14      139637317592856
r13      140732287124096
r12      139637317592832
rbp      2
rbx      0
r11      0
r10      0
r9       0
r8       0
rax      0
rcx      0
rdx      0
rsi      0
rdi      0
orig_rax 0
rip      0
cs       0
eflags   0
rsp      0
ss       1
fs_base  4197325
gs_base  0
ds       0
es       4197248
fs       4195840
gs       140732285620896
[42]r15      4294967295
r14      139637317592856
r13      140732287124096
r12      139637317592832
rbp      2
rbx      0
r11      0
r10      0
r9       0
r8       0
rax      0
rcx      0
rdx      0
rsi      0
rdi      0
orig_rax 0
rip      0
cs       0
eflags   0
rsp      0
ss       1
fs_base  4197325
gs_base  0
ds       0
es       4197248
fs       4195840
gs       140732285620896
[27156] Total number of syscalls: 42
