
[1]
4294967295 139703406348056 140724242694784 139703406348032 140724242614017 1724759844947141 0 0 2 0 0 0 0 0 0 0 0 0 0 0 1 4197325 0 0 4197248 4195840 140724242614592

[2]
4294967295 139703406348056 140724242694784 139703406348032 140724242614017 1724759844947141 0 0 2 0 0 0 0 0 0 0 0 0 0 0 1 4197325 0 0 4197248 4195840 140724242614592

[3]
4294967295 139703406348056 140724242694784 139703406348032 140724242614017 1724759844947141 0 0 2 0 0 0 0 0 0 0 0 0 0 0 1 4197325 0 0 4197248 4195840 140724242614592

[4]
4294967295 139703406348056 140724242694784 139703406348032 140724242614017 1724759844947141 0 0 2 0 0 0 0 0 0 0 0 0 0 0 1 4197325 0 0 4197248 4195840 140724242614592

[5]
4294967295 139703406348056 140724242694784 139703406348032 140724242614017 1724759844947141 0 0 2 0 0 0 0 0 0 0 0 0 0 0 1 4197325 0 0 4197248 4195840 140724242614592

[6]
4294967295 139703406348056 140724242694784 139703406348032 140724242614017 1724759844947141 0 0 2 0 0 0 0 0 0 0 0 0 0 0 1 4197325 0 0 4197248 4195840 140724242614592

[7]
4294967295 139703406348056 140724242694784 139703406348032 140724242614017 1724759844947141 0 0 2 0 0 0 0 0 0 0 0 0 0 0 1 4197325 0 0 4197248 4195840 140724242614592

[8]
4294967295 139703406348056 140724242694784 139703406348032 140724242614017 1724759844947141 0 0 2 0 0 0 0 0 0 0 0 0 0 0 1 4197325 0 0 4197248 4195840 140724242614592

[9]
4294967295 139703406348056 140724242694784 139703406348032 140724242614017 1724759844947141 0 0 2 0 0 0 0 0 0 0 0 0 0 0 1 4197325 0 0 4197248 4195840 140724242614592

[10]
4294967295 139703406348056 140724242694784 139703406348032 140724242614017 1724759844947141 0 0 2 0 0 0 0 0 0 0 0 0 0 0 1 4197325 0 0 4197248 4195840 140724242614592

[11]
4294967295 139703406348056 140724242694784 139703406348032 140724242614017 1724759844947141 0 0 2 0 0 0 0 0 0 0 0 0 0 0 1 4197325 0 0 4197248 4195840 140724242614592

[12]
4294967295 139703406348056 140724242694784 139703406348032 140724242614017 1724759844947141 0 0 2 0 0 0 0 0 0 0 0 0 0 0 1 4197325 0 0 4197248 4195840 140724242614592

[13]
4294967295 139703406348056 140724242694784 139703406348032 140724242614017 1724759844947141 0 0 2 0 0 0 0 0 0 0 0 0 0 0 1 4197325 0 0 4197248 4195840 140724242614592

[14]
4294967295 139703406348056 140724242694784 139703406348032 140724242614017 1724759844947141 0 0 2 0 0 0 0 0 0 0 0 0 0 0 1 4197325 0 0 4197248 4195840 140724242614592

[15]
4294967295 139703406348056 140724242694784 139703406348032 140724242614017 1724759844947141 0 0 2 0 0 0 0 0 0 0 0 0 0 0 1 4197325 0 0 4197248 4195840 140724242614592

[16]
4294967295 139703406348056 140724242694784 139703406348032 140724242614017 1724759844947141 0 0 2 0 0 0 0 0 0 0 0 0 0 0 1 4197325 0 0 4197248 4195840 140724242614592

[17]
4294967295 139703406348056 140724242694784 139703406348032 140724242614017 1724759844947141 0 0 2 0 0 0 0 0 0 0 0 0 0 0 1 4197325 0 0 4197248 4195840 140724242614592

[18]
4294967295 139703406348056 140724242694784 139703406348032 140724242614017 1724759844947141 0 0 2 0 0 0 0 0 0 0 0 0 0 0 1 4197325 0 0 4197248 4195840 140724242614592

[19]
4294967295 139703406348056 140724242694784 139703406348032 140724242614017 1724759844947141 0 0 2 0 0 0 0 0 0 0 0 0 0 0 1 4197325 0 0 4197248 4195840 140724242614592

[20]
4294967295 139703406348056 140724242694784 139703406348032 140724242614017 1724759844947141 0 0 2 0 0 0 0 0 0 0 0 0 0 0 1 4197325 0 0 4197248 4195840 140724242614592

[21]
4294967295 139703406348056 140724242694784 139703406348032 140724242614017 1724759844947141 0 0 2 0 0 0 0 0 0 0 0 0 0 0 1 4197325 0 0 4197248 4195840 140724242614592

[22]
4294967295 139703406348056 140724242694784 139703406348032 140724242614017 1724759844947141 0 0 2 0 0 0 0 0 0 0 0 0 0 0 1 4197325 0 0 4197248 4195840 140724242614592

[23]
4294967295 139703406348056 140724242694784 139703406348032 140724242614017 1724759844947141 0 0 2 0 0 0 0 0 0 0 0 0 0 0 1 4197325 0 0 4197248 4195840 140724242614592

[24]
4294967295 139703406348056 140724242694784 139703406348032 140724242614017 1724759844947141 0 0 2 0 0 0 0 0 0 0 0 0 0 0 1 4197325 0 0 4197248 4Mon Apr 26 00:55:19 KST 2021
195840 140724242614592

[25]
4294967295 139703406348056 140724242694784 139703406348032 140724242614017 1724759844947141 0 0 2 0 0 0 0 0 0 0 0 0 0 0 1 4197325 0 0 4197248 4195840 140724242614592

[26]
4294967295 139703406348056 140724242694784 139703406348032 140724242614017 1724759844947141 0 0 2 0 0 0 0 0 0 0 0 0 0 0 1 4197325 0 0 4197248 4195840 140724242614592

[27]
4294967295 139703406348056 140724242694784 139703406348032 140724242614017 1724759844947141 0 0 2 0 0 0 0 0 0 0 0 0 0 0 1 4197325 0 0 4197248 4195840 140724242614592

[28]
4294967295 139703406348056 140724242694784 139703406348032 140724242614017 1724759844947141 0 0 2 0 0 0 0 0 0 0 0 0 0 0 1 4197325 0 0 4197248 4195840 140724242614592

[29]
4294967295 139703406348056 140724242694784 139703406348032 140724242614017 1724759844947141 0 0 2 0 0 0 0 0 0 0 0 0 0 0 1 4197325 0 0 4197248 4195840 140724242614592

[30]
4294967295 139703406348056 140724242694784 139703406348032 140724242614017 1724759844947141 0 0 2 0 0 0 0 0 0 0 0 0 0 0 1 4197325 0 0 4197248 4195840 140724242614592

[31]
4294967295 139703406348056 140724242694784 139703406348032 140724242614017 1724759844947141 0 0 2 0 0 0 0 0 0 0 0 0 0 0 1 4197325 0 0 4197248 4195840 140724242614592

[32]
4294967295 139703406348056 140724242694784 139703406348032 140724242614017 1724759844947141 0 0 2 0 0 0 0 0 0 0 0 0 0 0 1 4197325 0 0 4197248 4195840 140724242614592

[33]
4294967295 139703406348056 140724242694784 139703406348032 140724242614017 1724759844947141 0 0 2 0 0 0 0 0 0 0 0 0 0 0 1 4197325 0 0 4197248 4195840 140724242614592

[34]
4294967295 139703406348056 140724242694784 139703406348032 140724242614017 1724759844947141 0 0 2 0 0 0 0 0 0 0 0 0 0 0 1 4197325 0 0 4197248 4195840 140724242614592

[35]
4294967295 139703406348056 140724242694784 139703406348032 140724242614017 1724759844947141 0 0 2 0 0 0 0 0 0 0 0 0 0 0 1 4197325 0 0 4197248 4195840 140724242614592

[36]
4294967295 139703406348056 140724242694784 139703406348032 140724242614017 1724759844947141 0 0 2 0 0 0 0 0 0 0 0 0 0 0 1 4197325 0 0 4197248 4195840 140724242614592

[37]
4294967295 139703406348056 140724242694784 139703406348032 140724242614017 1724759844947141 0 0 2 0 0 0 0 0 0 0 0 0 0 0 1 4197325 0 0 4197248 4195840 140724242614592

[38]
4294967295 139703406348056 140724242694784 139703406348032 140724242614017 1724759844947141 0 0 2 0 0 0 0 0 0 0 0 0 0 0 1 4197325 0 0 4197248 4195840 140724242614592

[39]
4294967295 139703406348056 140724242694784 139703406348032 140724242614017 1724759844947141 0 0 2 0 0 0 0 0 0 0 0 0 0 0 1 4197325 0 0 4197248 4195840 140724242614592

[40]
4294967295 139703406348056 140724242694784 139703406348032 140724242614017 1724759844947141 0 0 2 0 0 0 0 0 0 0 0 0 0 0 1 4197325 0 0 4197248 4195840 140724242614592

[41]
4294967295 139703406348056 140724242694784 139703406348032 140724242614017 1724759844947141 0 0 2 0 0 0 0 0 0 0 0 0 0 0 1 4197325 0 0 4197248 4195840 140724242614592

[42]
4294967295 139703406348056 140724242694784 139703406348032 140724242614017 1724759844947141 0 0 2 0 0 0 0 0 0 0 0 0 0 0 1 4197325 0 0 4197248 4195840 140724242614592
[28005] Total number of syscalls: 42
